# JRE version: OpenJDK Runtime Environment Temurin-21.0.9+10 (21.0.9+10) (build 21.0.9+10-LTS)
# Java VM: OpenJDK 64-Bit Server VM Temurin-21.0.9+10 (21.0.9+10-LTS, mixed mode, sharing, tiered, compressed oops, compressed class ptrs, parallel gc, windows-amd64)
GC Precious Log:
 CardTable entry size: 512
 CPUs: 16 total, 16 available
 Memory: 16128M
 Large Page Support: Disabled
 NUMA Support: Disabled
 Compressed Oops: Enabled (32-bit)
 Alignments: Space 512K, Generation 512K, Heap 2M
 Heap Min Capacity: 100M
 Heap Initial Capacity: 100M
 Heap Max Capacity: 2G
 Pre-touch: Disabled
 Parallel Workers: 13
Heap:
 PSYoungGen      total 3584K, used 1065K [0x00000000d5580000, 0x00000000d5c00000, 0x0000000100000000)
  eden space 3072K, 20% used [0x00000000d5580000,0x00000000d561e4a0,0x00000000d5880000)
  from space 512K, 84% used [0x00000000d5b80000,0x00000000d5bec010,0x00000000d5c00000)
  to   space 512K, 0% used [0x00000000d5b00000,0x00000000d5b00000,0x00000000d5b80000)
 ParOldGen       total 322560K, used 190407K [0x0000000080000000, 0x0000000093b00000, 0x00000000d5580000)
  object space 322560K, 59% used [0x0000000080000000,0x000000008b9f1c18,0x0000000093b00000)
 Metaspace       used 82233K, committed 83904K, reserved 1179648K
  class space    used 8490K, committed 9216K, reserved 1048576K
GC Heap History (20 events):
Event: 26.344 GC heap before
{Heap before GC invocations=741 (full 4):
 PSYoungGen      total 4096K, used 3840K [0x00000000d5580000, 0x00000000d5d00000, 0x0000000100000000)
  eden space 3072K, 100% used [0x00000000d5580000,0x00000000d5880000,0x00000000d5880000)
  from space 1024K, 75% used [0x00000000d5c00000,0x00000000d5cc0000,0x00000000d5d00000)
  to   space 1024K, 0% used [0x00000000d5b00000,0x00000000d5b00000,0x00000000d5c00000)
 ParOldGen       total 322560K, used 188398K [0x0000000080000000, 0x0000000093b00000, 0x00000000d5580000)
  object space 322560K, 58% used [0x0000000080000000,0x000000008b7fba78,0x0000000093b00000)
 Metaspace       used 81327K, committed 83008K, reserved 1179648K
  class space    used 8425K, committed 9216K, reserved 1048576K
}
Event: 26.346 GC heap after
{Heap after GC invocations=741 (full 4):
 PSYoungGen      total 3584K, used 448K [0x00000000d5580000, 0x00000000d5c80000, 0x0000000100000000)
  eden space 3072K, 0% used [0x00000000d5580000,0x00000000d5580000,0x00000000d5880000)
  from space 512K, 87% used [0x00000000d5b00000,0x00000000d5b70000,0x00000000d5b80000)
  to   space 1024K, 0% used [0x00000000d5b80000,0x00000000d5b80000,0x00000000d5c80000)
 ParOldGen       total 322560K, used 189014K [0x0000000080000000, 0x0000000093b00000, 0x00000000d5580000)
  object space 322560K, 58% used [0x0000000080000000,0x000000008b895a78,0x0000000093b00000)
 Metaspace       used 81327K, committed 83008K, reserved 1179648K
  class space    used 8425K, committed 9216K, reserved 1048576K
}
Event: 26.454 GC heap before
{Heap before GC invocations=742 (full 4):
 PSYoungGen      total 3584K, used 3517K [0x00000000d5580000, 0x00000000d5c80000, 0x0000000100000000)
  eden space 3072K, 99% used [0x00000000d5580000,0x00000000d587f428,0x00000000d5880000)
  from space 512K, 87% used [0x00000000d5b00000,0x00000000d5b70000,0x00000000d5b80000)
  to   space 1024K, 0% used [0x00000000d5b80000,0x00000000d5b80000,0x00000000d5c80000)
 ParOldGen       total 322560K, used 189014K [0x0000000080000000, 0x0000000093b00000, 0x00000000d5580000)
  object space 322560K, 58% used [0x0000000080000000,0x000000008b895a78,0x0000000093b00000)
 Metaspace       used 81508K, committed 83200K, reserved 1179648K
  class space    used 8448K, committed 9216K, reserved 1048576K
}
Event: 26.456 GC heap after
{Heap after GC invocations=742 (full 4):
 PSYoungGen      total 3584K, used 416K [0x00000000d5580000, 0x00000000d5c00000, 0x0000000100000000)
  eden space 3072K, 0% used [0x00000000d5580000,0x00000000d5580000,0x00000000d5880000)
  from space 512K, 81% used [0x00000000d5b80000,0x00000000d5be8000,0x00000000d5c00000)
  to   space 512K, 0% used [0x00000000d5b00000,0x00000000d5b00000,0x00000000d5b80000)
 ParOldGen       total 322560K, used 189259K [0x0000000080000000, 0x0000000093b00000, 0x00000000d5580000)
  object space 322560K, 58% used [0x0000000080000000,0x000000008b8d2c80,0x0000000093b00000)
 Metaspace       used 81508K, committed 83200K, reserved 1179648K
  class space    used 8448K, committed 9216K, reserved 1048576K
}
Event: 26.630 GC heap before
{Heap before GC invocations=743 (full 4):
 PSYoungGen      total 3584K, used 3488K [0x00000000d5580000, 0x00000000d5c00000, 0x0000000100000000)
  eden space 3072K, 100% used [0x00000000d5580000,0x00000000d5880000,0x00000000d5880000)
  from space 512K, 81% used [0x00000000d5b80000,0x00000000d5be8000,0x00000000d5c00000)
  to   space 512K, 0% used [0x00000000d5b00000,0x00000000d5b00000,0x00000000d5b80000)
 ParOldGen       total 322560K, used 189259K [0x0000000080000000, 0x0000000093b00000, 0x00000000d5580000)
  object space 322560K, 58% used [0x0000000080000000,0x000000008b8d2c80,0x0000000093b00000)
 Metaspace       used 81781K, committed 83456K, reserved 1179648K
  class space    used 8468K, committed 9216K, reserved 1048576K
}
Event: 26.631 GC heap after
{Heap after GC invocations=743 (full 4):
 PSYoungGen      total 3584K, used 474K [0x00000000d5580000, 0x00000000d5c00000, 0x0000000100000000)
  eden space 3072K, 0% used [0x00000000d5580000,0x00000000d5580000,0x00000000d5880000)
  from space 512K, 92% used [0x00000000d5b00000,0x00000000d5b768c8,0x00000000d5b80000)
  to   space 512K, 0% used [0x00000000d5b80000,0x00000000d5b80000,0x00000000d5c00000)
 ParOldGen       total 322560K, used 189448K [0x0000000080000000, 0x0000000093b00000, 0x00000000d5580000)
  object space 322560K, 58% used [0x0000000080000000,0x000000008b902278,0x0000000093b00000)
 Metaspace       used 81781K, committed 83456K, reserved 1179648K
  class space    used 8468K, committed 9216K, reserved 1048576K
}
Event: 26.810 GC heap before
{Heap before GC invocations=744 (full 4):
 PSYoungGen      total 3584K, used 3546K [0x00000000d5580000, 0x00000000d5c00000, 0x0000000100000000)
  eden space 3072K, 100% used [0x00000000d5580000,0x00000000d5880000,0x00000000d5880000)
  from space 512K, 92% used [0x00000000d5b00000,0x00000000d5b768c8,0x00000000d5b80000)
  to   space 512K, 0% used [0x00000000d5b80000,0x00000000d5b80000,0x00000000d5c00000)
 ParOldGen       total 322560K, used 189448K [0x0000000080000000, 0x0000000093b00000, 0x00000000d5580000)
  object space 322560K, 58% used [0x0000000080000000,0x000000008b902278,0x0000000093b00000)
 Metaspace       used 81806K, committed 83456K, reserved 1179648K
  class space    used 8469K, committed 9216K, reserved 1048576K
}
Event: 26.812 GC heap after
{Heap after GC invocations=744 (full 4):
 PSYoungGen      total 3584K, used 352K [0x00000000d5580000, 0x00000000d5c00000, 0x0000000100000000)
  eden space 3072K, 0% used [0x00000000d5580000,0x00000000d5580000,0x00000000d5880000)
  from space 512K, 68% used [0x00000000d5b80000,0x00000000d5bd8000,0x00000000d5c00000)
  to   space 512K, 0% used [0x00000000d5b00000,0x00000000d5b00000,0x00000000d5b80000)
 ParOldGen       total 322560K, used 189658K [0x0000000080000000, 0x0000000093b00000, 0x00000000d5580000)
  object space 322560K, 58% used [0x0000000080000000,0x000000008b936b40,0x0000000093b00000)
 Metaspace       used 81806K, committed 83456K, reserved 1179648K
  class space    used 8469K, committed 9216K, reserved 1048576K
}
Event: 26.865 GC heap before
{Heap before GC invocations=745 (full 4):
 PSYoungGen      total 3584K, used 3424K [0x00000000d5580000, 0x00000000d5c00000, 0x0000000100000000)
  eden space 3072K, 100% used [0x00000000d5580000,0x00000000d5880000,0x00000000d5880000)
  from space 512K, 68% used [0x00000000d5b80000,0x00000000d5bd8000,0x00000000d5c00000)
  to   space 512K, 0% used [0x00000000d5b00000,0x00000000d5b00000,0x00000000d5b80000)
 ParOldGen       total 322560K, used 189658K [0x0000000080000000, 0x0000000093b00000, 0x00000000d5580000)
  object space 322560K, 58% used [0x0000000080000000,0x000000008b936b40,0x0000000093b00000)
 Metaspace       used 81842K, committed 83520K, reserved 1179648K
  class space    used 8469K, committed 9216K, reserved 1048576K
}
Event: 26.865 GC heap after
{Heap after GC invocations=745 (full 4):
 PSYoungGen      total 3584K, used 416K [0x00000000d5580000, 0x00000000d5c00000, 0x0000000100000000)
  eden space 3072K, 0% used [0x00000000d5580000,0x00000000d5580000,0x00000000d5880000)
  from space 512K, 81% used [0x00000000d5b00000,0x00000000d5b68000,0x00000000d5b80000)
  to   space 512K, 0% used [0x00000000d5b80000,0x00000000d5b80000,0x00000000d5c00000)
 ParOldGen       total 322560K, used 189762K [0x0000000080000000, 0x0000000093b00000, 0x00000000d5580000)
  object space 322560K, 58% used [0x0000000080000000,0x000000008b950b40,0x0000000093b00000)
 Metaspace       used 81842K, committed 83520K, reserved 1179648K
  class space    used 8469K, committed 9216K, reserved 1048576K
}
Event: 26.908 GC heap before
{Heap before GC invocations=746 (full 4):
 PSYoungGen      total 3584K, used 3487K [0x00000000d5580000, 0x00000000d5c00000, 0x0000000100000000)
  eden space 3072K, 99% used [0x00000000d5580000,0x00000000d587fff0,0x00000000d5880000)
  from space 512K, 81% used [0x00000000d5b00000,0x00000000d5b68000,0x00000000d5b80000)
  to   space 512K, 0% used [0x00000000d5b80000,0x00000000d5b80000,0x00000000d5c00000)
 ParOldGen       total 322560K, used 189762K [0x0000000080000000, 0x0000000093b00000, 0x00000000d5580000)
  object space 322560K, 58% used [0x0000000080000000,0x000000008b950b40,0x0000000093b00000)
 Metaspace       used 81919K, committed 83584K, reserved 1179648K
  class space    used 8471K, committed 9216K, reserved 1048576K
}
Event: 26.910 GC heap after
{Heap after GC invocations=746 (full 4):
 PSYoungGen      total 3584K, used 416K [0x00000000d5580000, 0x00000000d5c00000, 0x0000000100000000)
  eden space 3072K, 0% used [0x00000000d5580000,0x00000000d5580000,0x00000000d5880000)
  from space 512K, 81% used [0x00000000d5b80000,0x00000000d5be8000,0x00000000d5c00000)
  to   space 512K, 0% used [0x00000000d5b00000,0x00000000d5b00000,0x00000000d5b80000)
 ParOldGen       total 322560K, used 189810K [0x0000000080000000, 0x0000000093b00000, 0x00000000d5580000)
  object space 322560K, 58% used [0x0000000080000000,0x000000008b95cb40,0x0000000093b00000)
 Metaspace       used 81919K, committed 83584K, reserved 1179648K
  class space    used 8471K, committed 9216K, reserved 1048576K
}
Event: 26.968 GC heap before
{Heap before GC invocations=747 (full 4):
 PSYoungGen      total 3584K, used 3487K [0x00000000d5580000, 0x00000000d5c00000, 0x0000000100000000)
  eden space 3072K, 99% used [0x00000000d5580000,0x00000000d587fff8,0x00000000d5880000)
  from space 512K, 81% used [0x00000000d5b80000,0x00000000d5be8000,0x00000000d5c00000)
  to   space 512K, 0% used [0x00000000d5b00000,0x00000000d5b00000,0x00000000d5b80000)
 ParOldGen       total 322560K, used 189810K [0x0000000080000000, 0x0000000093b00000, 0x00000000d5580000)
  object space 322560K, 58% used [0x0000000080000000,0x000000008b95cb40,0x0000000093b00000)
 Metaspace       used 81933K, committed 83584K, reserved 1179648K
  class space    used 8471K, committed 9216K, reserved 1048576K
}
Event: 26.969 GC heap after
{Heap after GC invocations=747 (full 4):
 PSYoungGen      total 3584K, used 384K [0x00000000d5580000, 0x00000000d5c00000, 0x0000000100000000)
  eden space 3072K, 0% used [0x00000000d5580000,0x00000000d5580000,0x00000000d5880000)
  from space 512K, 75% used [0x00000000d5b00000,0x00000000d5b60000,0x00000000d5b80000)
  to   space 512K, 0% used [0x00000000d5b80000,0x00000000d5b80000,0x00000000d5c00000)
 ParOldGen       total 322560K, used 190050K [0x0000000080000000, 0x0000000093b00000, 0x00000000d5580000)
  object space 322560K, 58% used [0x0000000080000000,0x000000008b998b40,0x0000000093b00000)
 Metaspace       used 81933K, committed 83584K, reserved 1179648K
  class space    used 8471K, committed 9216K, reserved 1048576K
}
Event: 26.998 GC heap before
{Heap before GC invocations=748 (full 4):
 PSYoungGen      total 3584K, used 3455K [0x00000000d5580000, 0x00000000d5c00000, 0x0000000100000000)
  eden space 3072K, 99% used [0x00000000d5580000,0x00000000d587fff0,0x00000000d5880000)
  from space 512K, 75% used [0x00000000d5b00000,0x00000000d5b60000,0x00000000d5b80000)
  to   space 512K, 0% used [0x00000000d5b80000,0x00000000d5b80000,0x00000000d5c00000)
 ParOldGen       total 322560K, used 190050K [0x0000000080000000, 0x0000000093b00000, 0x00000000d5580000)
  object space 322560K, 58% used [0x0000000080000000,0x000000008b998b40,0x0000000093b00000)
 Metaspace       used 81989K, committed 83648K, reserved 1179648K
  class space    used 8477K, committed 9216K, reserved 1048576K
}
Event: 26.999 GC heap after
{Heap after GC invocations=748 (full 4):
 PSYoungGen      total 3584K, used 448K [0x00000000d5580000, 0x00000000d5c00000, 0x0000000100000000)
  eden space 3072K, 0% used [0x00000000d5580000,0x00000000d5580000,0x00000000d5880000)
  from space 512K, 87% used [0x00000000d5b80000,0x00000000d5bf0000,0x00000000d5c00000)
  to   space 512K, 0% used [0x00000000d5b00000,0x00000000d5b00000,0x00000000d5b80000)
 ParOldGen       total 322560K, used 190138K [0x0000000080000000, 0x0000000093b00000, 0x00000000d5580000)
  object space 322560K, 58% used [0x0000000080000000,0x000000008b9aeb50,0x0000000093b00000)
 Metaspace       used 81989K, committed 83648K, reserved 1179648K
  class space    used 8477K, committed 9216K, reserved 1048576K
}
Event: 27.055 GC heap before
{Heap before GC invocations=749 (full 4):
 PSYoungGen      total 3584K, used 3519K [0x00000000d5580000, 0x00000000d5c00000, 0x0000000100000000)
  eden space 3072K, 99% used [0x00000000d5580000,0x00000000d587ffe0,0x00000000d5880000)
  from space 512K, 87% used [0x00000000d5b80000,0x00000000d5bf0000,0x00000000d5c00000)
  to   space 512K, 0% used [0x00000000d5b00000,0x00000000d5b00000,0x00000000d5b80000)
 ParOldGen       total 322560K, used 190138K [0x0000000080000000, 0x0000000093b00000, 0x00000000d5580000)
  object space 322560K, 58% used [0x0000000080000000,0x000000008b9aeb50,0x0000000093b00000)
 Metaspace       used 82015K, committed 83648K, reserved 1179648K
  class space    used 8480K, committed 9216K, reserved 1048576K
}
Event: 27.056 GC heap after
{Heap after GC invocations=749 (full 4):
 PSYoungGen      total 3584K, used 384K [0x00000000d5580000, 0x00000000d5c00000, 0x0000000100000000)
  eden space 3072K, 0% used [0x00000000d5580000,0x00000000d5580000,0x00000000d5880000)
  from space 512K, 75% used [0x00000000d5b00000,0x00000000d5b60000,0x00000000d5b80000)
  to   space 512K, 0% used [0x00000000d5b80000,0x00000000d5b80000,0x00000000d5c00000)
 ParOldGen       total 322560K, used 190295K [0x0000000080000000, 0x0000000093b00000, 0x00000000d5580000)
  object space 322560K, 58% used [0x0000000080000000,0x000000008b9d5c18,0x0000000093b00000)
 Metaspace       used 82015K, committed 83648K, reserved 1179648K
  class space    used 8480K, committed 9216K, reserved 1048576K
}
Event: 32.251 GC heap before
{Heap before GC invocations=750 (full 4):
 PSYoungGen      total 3584K, used 3456K [0x00000000d5580000, 0x00000000d5c00000, 0x0000000100000000)
  eden space 3072K, 100% used [0x00000000d5580000,0x00000000d5880000,0x00000000d5880000)
  from space 512K, 75% used [0x00000000d5b00000,0x00000000d5b60000,0x00000000d5b80000)
  to   space 512K, 0% used [0x00000000d5b80000,0x00000000d5b80000,0x00000000d5c00000)
 ParOldGen       total 322560K, used 190295K [0x0000000080000000, 0x0000000093b00000, 0x00000000d5580000)
  object space 322560K, 58% used [0x0000000080000000,0x000000008b9d5c18,0x0000000093b00000)
 Metaspace       used 82092K, committed 83776K, reserved 1179648K
  class space    used 8483K, committed 9216K, reserved 1048576K
}
Event: 32.252 GC heap after
{Heap after GC invocations=750 (full 4):
 PSYoungGen      total 3584K, used 432K [0x00000000d5580000, 0x00000000d5c00000, 0x0000000100000000)
  eden space 3072K, 0% used [0x00000000d5580000,0x00000000d5580000,0x00000000d5880000)
  from space 512K, 84% used [0x00000000d5b80000,0x00000000d5bec010,0x00000000d5c00000)
  to   space 512K, 0% used [0x00000000d5b00000,0x00000000d5b00000,0x00000000d5b80000)
 ParOldGen       total 322560K, used 190407K [0x0000000080000000, 0x0000000093b00000, 0x00000000d5580000)
  object space 322560K, 59% used [0x0000000080000000,0x000000008b9f1c18,0x0000000093b00000)
 Metaspace       used 82092K, committed 83776K, reserved 1179648K
  class space    used 8483K, committed 9216K, reserved 1048576K
}

