# JRE version: OpenJDK Runtime Environment Temurin-21.0.9+10 (21.0.9+10) (build 21.0.9+10-LTS)
# Java VM: OpenJDK 64-Bit Server VM Temurin-21.0.9+10 (21.0.9+10-LTS, mixed mode, sharing, tiered, compressed oops, compressed class ptrs, parallel gc, windows-amd64)
GC Precious Log:
 CardTable entry size: 512
 CPUs: 16 total, 16 available
 Memory: 16128M
 Large Page Support: Disabled
 NUMA Support: Disabled
 Compressed Oops: Enabled (32-bit)
 Alignments: Space 512K, Generation 512K, Heap 2M
 Heap Min Capacity: 100M
 Heap Initial Capacity: 100M
 Heap Max Capacity: 2G
 Pre-touch: Disabled
 Parallel Workers: 13
Heap:
 PSYoungGen      total 4096K, used 3734K [0x00000000d5580000, 0x00000000d5b00000, 0x0000000100000000)
  eden space 3584K, 92% used [0x00000000d5580000,0x00000000d58bda60,0x00000000d5900000)
  from space 512K, 81% used [0x00000000d5a80000,0x00000000d5ae8000,0x00000000d5b00000)
  to   space 512K, 0% used [0x00000000d5a00000,0x00000000d5a00000,0x00000000d5a80000)
 ParOldGen       total 330752K, used 330743K [0x0000000080000000, 0x0000000094300000, 0x00000000d5580000)
  object space 330752K, 99% used [0x0000000080000000,0x00000000942fde90,0x0000000094300000)
 Metaspace       used 75055K, committed 76608K, reserved 1179648K
  class space    used 7656K, committed 8384K, reserved 1048576K
GC Heap History (20 events):
Event: 25.006 GC heap before
{Heap before GC invocations=488 (full 3):
 PSYoungGen      total 4608K, used 4594K [0x00000000d5580000, 0x00000000d5d80000, 0x0000000100000000)
  eden space 3584K, 99% used [0x00000000d5580000,0x00000000d58fe448,0x00000000d5900000)
  from space 1024K, 99% used [0x00000000d5b00000,0x00000000d5bfe788,0x00000000d5c00000)
  to   space 2048K, 0% used [0x00000000d5900000,0x00000000d5900000,0x00000000d5b00000)
 ParOldGen       total 329728K, used 329633K [0x0000000080000000, 0x0000000094200000, 0x00000000d5580000)
  object space 329728K, 99% used [0x0000000080000000,0x00000000941e8610,0x0000000094200000)
 Metaspace       used 74802K, committed 76416K, reserved 1179648K
  class space    used 7644K, committed 8384K, reserved 1048576K
}
Event: 25.007 GC heap after
{Heap after GC invocations=488 (full 3):
 PSYoungGen      total 4608K, used 605K [0x00000000d5580000, 0x00000000d5b80000, 0x0000000100000000)
  eden space 3584K, 0% used [0x00000000d5580000,0x00000000d5580000,0x00000000d5900000)
  from space 1024K, 59% used [0x00000000d5900000,0x00000000d59977c0,0x00000000d5a00000)
  to   space 1024K, 0% used [0x00000000d5a80000,0x00000000d5a80000,0x00000000d5b80000)
 ParOldGen       total 329728K, used 329719K [0x0000000080000000, 0x0000000094200000, 0x00000000d5580000)
  object space 329728K, 99% used [0x0000000080000000,0x00000000941fde50,0x0000000094200000)
 Metaspace       used 74802K, committed 76416K, reserved 1179648K
  class space    used 7644K, committed 8384K, reserved 1048576K
}
Event: 25.041 GC heap before
{Heap before GC invocations=489 (full 3):
 PSYoungGen      total 4608K, used 4189K [0x00000000d5580000, 0x00000000d5b80000, 0x0000000100000000)
  eden space 3584K, 100% used [0x00000000d5580000,0x00000000d5900000,0x00000000d5900000)
  from space 1024K, 59% used [0x00000000d5900000,0x00000000d59977c0,0x00000000d5a00000)
  to   space 1024K, 0% used [0x00000000d5a80000,0x00000000d5a80000,0x00000000d5b80000)
 ParOldGen       total 329728K, used 329719K [0x0000000080000000, 0x0000000094200000, 0x00000000d5580000)
  object space 329728K, 99% used [0x0000000080000000,0x00000000941fde50,0x0000000094200000)
 Metaspace       used 74802K, committed 76416K, reserved 1179648K
  class space    used 7644K, committed 8384K, reserved 1048576K
}
Event: 25.042 GC heap after
{Heap after GC invocations=489 (full 3):
 PSYoungGen      total 4096K, used 320K [0x00000000d5580000, 0x00000000d5b00000, 0x0000000100000000)
  eden space 3584K, 0% used [0x00000000d5580000,0x00000000d5580000,0x00000000d5900000)
  from space 512K, 62% used [0x00000000d5a80000,0x00000000d5ad0000,0x00000000d5b00000)
  to   space 512K, 0% used [0x00000000d5a00000,0x00000000d5a00000,0x00000000d5a80000)
 ParOldGen       total 330240K, used 329879K [0x0000000080000000, 0x0000000094280000, 0x00000000d5580000)
  object space 330240K, 99% used [0x0000000080000000,0x0000000094225e90,0x0000000094280000)
 Metaspace       used 74802K, committed 76416K, reserved 1179648K
  class space    used 7644K, committed 8384K, reserved 1048576K
}
Event: 25.109 GC heap before
{Heap before GC invocations=490 (full 3):
 PSYoungGen      total 4096K, used 3904K [0x00000000d5580000, 0x00000000d5b00000, 0x0000000100000000)
  eden space 3584K, 100% used [0x00000000d5580000,0x00000000d5900000,0x00000000d5900000)
  from space 512K, 62% used [0x00000000d5a80000,0x00000000d5ad0000,0x00000000d5b00000)
  to   space 512K, 0% used [0x00000000d5a00000,0x00000000d5a00000,0x00000000d5a80000)
 ParOldGen       total 330240K, used 329879K [0x0000000080000000, 0x0000000094280000, 0x00000000d5580000)
  object space 330240K, 99% used [0x0000000080000000,0x0000000094225e90,0x0000000094280000)
 Metaspace       used 74802K, committed 76416K, reserved 1179648K
  class space    used 7644K, committed 8384K, reserved 1048576K
}
Event: 25.110 GC heap after
{Heap after GC invocations=490 (full 3):
 PSYoungGen      total 4096K, used 320K [0x00000000d5580000, 0x00000000d5b00000, 0x0000000100000000)
  eden space 3584K, 0% used [0x00000000d5580000,0x00000000d5580000,0x00000000d5900000)
  from space 512K, 62% used [0x00000000d5a00000,0x00000000d5a50000,0x00000000d5a80000)
  to   space 512K, 0% used [0x00000000d5a80000,0x00000000d5a80000,0x00000000d5b00000)
 ParOldGen       total 330240K, used 329991K [0x0000000080000000, 0x0000000094280000, 0x00000000d5580000)
  object space 330240K, 99% used [0x0000000080000000,0x0000000094241e90,0x0000000094280000)
 Metaspace       used 74802K, committed 76416K, reserved 1179648K
  class space    used 7644K, committed 8384K, reserved 1048576K
}
Event: 25.171 GC heap before
{Heap before GC invocations=491 (full 3):
 PSYoungGen      total 4096K, used 3904K [0x00000000d5580000, 0x00000000d5b00000, 0x0000000100000000)
  eden space 3584K, 100% used [0x00000000d5580000,0x00000000d5900000,0x00000000d5900000)
  from space 512K, 62% used [0x00000000d5a00000,0x00000000d5a50000,0x00000000d5a80000)
  to   space 512K, 0% used [0x00000000d5a80000,0x00000000d5a80000,0x00000000d5b00000)
 ParOldGen       total 330240K, used 329991K [0x0000000080000000, 0x0000000094280000, 0x00000000d5580000)
  object space 330240K, 99% used [0x0000000080000000,0x0000000094241e90,0x0000000094280000)
 Metaspace       used 74802K, committed 76416K, reserved 1179648K
  class space    used 7644K, committed 8384K, reserved 1048576K
}
Event: 25.172 GC heap after
{Heap after GC invocations=491 (full 3):
 PSYoungGen      total 4096K, used 393K [0x00000000d5580000, 0x00000000d5b00000, 0x0000000100000000)
  eden space 3584K, 0% used [0x00000000d5580000,0x00000000d5580000,0x00000000d5900000)
  from space 512K, 76% used [0x00000000d5a80000,0x00000000d5ae2458,0x00000000d5b00000)
  to   space 512K, 0% used [0x00000000d5a00000,0x00000000d5a00000,0x00000000d5a80000)
 ParOldGen       total 330240K, used 330103K [0x0000000080000000, 0x0000000094280000, 0x00000000d5580000)
  object space 330240K, 99% used [0x0000000080000000,0x000000009425de90,0x0000000094280000)
 Metaspace       used 74802K, committed 76416K, reserved 1179648K
  class space    used 7644K, committed 8384K, reserved 1048576K
}
Event: 25.353 GC heap before
{Heap before GC invocations=492 (full 3):
 PSYoungGen      total 4096K, used 3977K [0x00000000d5580000, 0x00000000d5b00000, 0x0000000100000000)
  eden space 3584K, 100% used [0x00000000d5580000,0x00000000d5900000,0x00000000d5900000)
  from space 512K, 76% used [0x00000000d5a80000,0x00000000d5ae2458,0x00000000d5b00000)
  to   space 512K, 0% used [0x00000000d5a00000,0x00000000d5a00000,0x00000000d5a80000)
 ParOldGen       total 330240K, used 330103K [0x0000000080000000, 0x0000000094280000, 0x00000000d5580000)
  object space 330240K, 99% used [0x0000000080000000,0x000000009425de90,0x0000000094280000)
 Metaspace       used 74802K, committed 76416K, reserved 1179648K
  class space    used 7644K, committed 8384K, reserved 1048576K
}
Event: 25.354 GC heap after
{Heap after GC invocations=492 (full 3):
 PSYoungGen      total 4096K, used 352K [0x00000000d5580000, 0x00000000d5b00000, 0x0000000100000000)
  eden space 3584K, 0% used [0x00000000d5580000,0x00000000d5580000,0x00000000d5900000)
  from space 512K, 68% used [0x00000000d5a00000,0x00000000d5a58000,0x00000000d5a80000)
  to   space 512K, 0% used [0x00000000d5a80000,0x00000000d5a80000,0x00000000d5b00000)
 ParOldGen       total 330240K, used 330175K [0x0000000080000000, 0x0000000094280000, 0x00000000d5580000)
  object space 330240K, 99% used [0x0000000080000000,0x000000009426fe90,0x0000000094280000)
 Metaspace       used 74802K, committed 76416K, reserved 1179648K
  class space    used 7644K, committed 8384K, reserved 1048576K
}
Event: 25.540 GC heap before
{Heap before GC invocations=493 (full 3):
 PSYoungGen      total 4096K, used 3936K [0x00000000d5580000, 0x00000000d5b00000, 0x0000000100000000)
  eden space 3584K, 100% used [0x00000000d5580000,0x00000000d5900000,0x00000000d5900000)
  from space 512K, 68% used [0x00000000d5a00000,0x00000000d5a58000,0x00000000d5a80000)
  to   space 512K, 0% used [0x00000000d5a80000,0x00000000d5a80000,0x00000000d5b00000)
 ParOldGen       total 330240K, used 330175K [0x0000000080000000, 0x0000000094280000, 0x00000000d5580000)
  object space 330240K, 99% used [0x0000000080000000,0x000000009426fe90,0x0000000094280000)
 Metaspace       used 74802K, committed 76416K, reserved 1179648K
  class space    used 7644K, committed 8384K, reserved 1048576K
}
Event: 25.541 GC heap after
{Heap after GC invocations=493 (full 3):
 PSYoungGen      total 4096K, used 416K [0x00000000d5580000, 0x00000000d5b00000, 0x0000000100000000)
  eden space 3584K, 0% used [0x00000000d5580000,0x00000000d5580000,0x00000000d5900000)
  from space 512K, 81% used [0x00000000d5a80000,0x00000000d5ae8000,0x00000000d5b00000)
  to   space 512K, 0% used [0x00000000d5a00000,0x00000000d5a00000,0x00000000d5a80000)
 ParOldGen       total 330752K, used 330295K [0x0000000080000000, 0x0000000094300000, 0x00000000d5580000)
  object space 330752K, 99% used [0x0000000080000000,0x000000009428de90,0x0000000094300000)
 Metaspace       used 74802K, committed 76416K, reserved 1179648K
  class space    used 7644K, committed 8384K, reserved 1048576K
}
Event: 25.746 GC heap before
{Heap before GC invocations=494 (full 3):
 PSYoungGen      total 4096K, used 4000K [0x00000000d5580000, 0x00000000d5b00000, 0x0000000100000000)
  eden space 3584K, 100% used [0x00000000d5580000,0x00000000d5900000,0x00000000d5900000)
  from space 512K, 81% used [0x00000000d5a80000,0x00000000d5ae8000,0x00000000d5b00000)
  to   space 512K, 0% used [0x00000000d5a00000,0x00000000d5a00000,0x00000000d5a80000)
 ParOldGen       total 330752K, used 330295K [0x0000000080000000, 0x0000000094300000, 0x00000000d5580000)
  object space 330752K, 99% used [0x0000000080000000,0x000000009428de90,0x0000000094300000)
 Metaspace       used 74802K, committed 76416K, reserved 1179648K
  class space    used 7644K, committed 8384K, reserved 1048576K
}
Event: 25.747 GC heap after
{Heap after GC invocations=494 (full 3):
 PSYoungGen      total 4096K, used 416K [0x00000000d5580000, 0x00000000d5b00000, 0x0000000100000000)
  eden space 3584K, 0% used [0x00000000d5580000,0x00000000d5580000,0x00000000d5900000)
  from space 512K, 81% used [0x00000000d5a00000,0x00000000d5a68000,0x00000000d5a80000)
  to   space 512K, 0% used [0x00000000d5a80000,0x00000000d5a80000,0x00000000d5b00000)
 ParOldGen       total 330752K, used 330399K [0x0000000080000000, 0x0000000094300000, 0x00000000d5580000)
  object space 330752K, 99% used [0x0000000080000000,0x00000000942a7e90,0x0000000094300000)
 Metaspace       used 74802K, committed 76416K, reserved 1179648K
  class space    used 7644K, committed 8384K, reserved 1048576K
}
Event: 25.862 GC heap before
{Heap before GC invocations=495 (full 3):
 PSYoungGen      total 4096K, used 3652K [0x00000000d5580000, 0x00000000d5b00000, 0x0000000100000000)
  eden space 3584K, 90% used [0x00000000d5580000,0x00000000d58a9140,0x00000000d5900000)
  from space 512K, 81% used [0x00000000d5a00000,0x00000000d5a68000,0x00000000d5a80000)
  to   space 512K, 0% used [0x00000000d5a80000,0x00000000d5a80000,0x00000000d5b00000)
 ParOldGen       total 330752K, used 330399K [0x0000000080000000, 0x0000000094300000, 0x00000000d5580000)
  object space 330752K, 99% used [0x0000000080000000,0x00000000942a7e90,0x0000000094300000)
 Metaspace       used 74802K, committed 76416K, reserved 1179648K
  class space    used 7644K, committed 8384K, reserved 1048576K
}
Event: 25.863 GC heap after
{Heap after GC invocations=495 (full 3):
 PSYoungGen      total 4096K, used 384K [0x00000000d5580000, 0x00000000d5b00000, 0x0000000100000000)
  eden space 3584K, 0% used [0x00000000d5580000,0x00000000d5580000,0x00000000d5900000)
  from space 512K, 75% used [0x00000000d5a80000,0x00000000d5ae0000,0x00000000d5b00000)
  to   space 512K, 0% used [0x00000000d5a00000,0x00000000d5a00000,0x00000000d5a80000)
 ParOldGen       total 330752K, used 330519K [0x0000000080000000, 0x0000000094300000, 0x00000000d5580000)
  object space 330752K, 99% used [0x0000000080000000,0x00000000942c5e90,0x0000000094300000)
 Metaspace       used 74802K, committed 76416K, reserved 1179648K
  class space    used 7644K, committed 8384K, reserved 1048576K
}
Event: 25.876 GC heap before
{Heap before GC invocations=496 (full 3):
 PSYoungGen      total 4096K, used 3967K [0x00000000d5580000, 0x00000000d5b00000, 0x0000000100000000)
  eden space 3584K, 99% used [0x00000000d5580000,0x00000000d58fffe8,0x00000000d5900000)
  from space 512K, 75% used [0x00000000d5a80000,0x00000000d5ae0000,0x00000000d5b00000)
  to   space 512K, 0% used [0x00000000d5a00000,0x00000000d5a00000,0x00000000d5a80000)
 ParOldGen       total 330752K, used 330519K [0x0000000080000000, 0x0000000094300000, 0x00000000d5580000)
  object space 330752K, 99% used [0x0000000080000000,0x00000000942c5e90,0x0000000094300000)
 Metaspace       used 74804K, committed 76416K, reserved 1179648K
  class space    used 7644K, committed 8384K, reserved 1048576K
}
Event: 25.877 GC heap after
{Heap after GC invocations=496 (full 3):
 PSYoungGen      total 4096K, used 416K [0x00000000d5580000, 0x00000000d5b00000, 0x0000000100000000)
  eden space 3584K, 0% used [0x00000000d5580000,0x00000000d5580000,0x00000000d5900000)
  from space 512K, 81% used [0x00000000d5a00000,0x00000000d5a68000,0x00000000d5a80000)
  to   space 512K, 0% used [0x00000000d5a80000,0x00000000d5a80000,0x00000000d5b00000)
 ParOldGen       total 330752K, used 330599K [0x0000000080000000, 0x0000000094300000, 0x00000000d5580000)
  object space 330752K, 99% used [0x0000000080000000,0x00000000942d9e90,0x0000000094300000)
 Metaspace       used 74804K, committed 76416K, reserved 1179648K
  class space    used 7644K, committed 8384K, reserved 1048576K
}
Event: 30.997 GC heap before
{Heap before GC invocations=497 (full 3):
 PSYoungGen      total 4096K, used 3999K [0x00000000d5580000, 0x00000000d5b00000, 0x0000000100000000)
  eden space 3584K, 99% used [0x00000000d5580000,0x00000000d58fffc0,0x00000000d5900000)
  from space 512K, 81% used [0x00000000d5a00000,0x00000000d5a68000,0x00000000d5a80000)
  to   space 512K, 0% used [0x00000000d5a80000,0x00000000d5a80000,0x00000000d5b00000)
 ParOldGen       total 330752K, used 330599K [0x0000000080000000, 0x0000000094300000, 0x00000000d5580000)
  object space 330752K, 99% used [0x0000000080000000,0x00000000942d9e90,0x0000000094300000)
 Metaspace       used 74827K, committed 76416K, reserved 1179648K
  class space    used 7644K, committed 8384K, reserved 1048576K
}
Event: 30.998 GC heap after
{Heap after GC invocations=497 (full 3):
 PSYoungGen      total 4096K, used 416K [0x00000000d5580000, 0x00000000d5b00000, 0x0000000100000000)
  eden space 3584K, 0% used [0x00000000d5580000,0x00000000d5580000,0x00000000d5900000)
  from space 512K, 81% used [0x00000000d5a80000,0x00000000d5ae8000,0x00000000d5b00000)
  to   space 512K, 0% used [0x00000000d5a00000,0x00000000d5a00000,0x00000000d5a80000)
 ParOldGen       total 330752K, used 330743K [0x0000000080000000, 0x0000000094300000, 0x00000000d5580000)
  object space 330752K, 99% used [0x0000000080000000,0x00000000942fde90,0x0000000094300000)
 Metaspace       used 74827K, committed 76416K, reserved 1179648K
  class space    used 7644K, committed 8384K, reserved 1048576K
}

