# JRE version: OpenJDK Runtime Environment Temurin-21.0.9+10 (21.0.9+10) (build 21.0.9+10-LTS)
# Java VM: OpenJDK 64-Bit Server VM Temurin-21.0.9+10 (21.0.9+10-LTS, mixed mode, sharing, tiered, compressed oops, compressed class ptrs, parallel gc, windows-amd64)
GC Precious Log:
 CardTable entry size: 512
 CPUs: 16 total, 16 available
 Memory: 16128M
 Large Page Support: Disabled
 NUMA Support: Disabled
 Compressed Oops: Enabled (32-bit)
 Alignments: Space 512K, Generation 512K, Heap 2M
 Heap Min Capacity: 100M
 Heap Initial Capacity: 100M
 Heap Max Capacity: 2G
 Pre-touch: Disabled
 Parallel Workers: 13
Heap:
 PSYoungGen      total 3584K, used 944K [0x00000000d5580000, 0x00000000d5a00000, 0x0000000100000000)
  eden space 3072K, 18% used [0x00000000d5580000,0x00000000d560c008,0x00000000d5880000)
  from space 512K, 75% used [0x00000000d5980000,0x00000000d59e0000,0x00000000d5a00000)
  to   space 512K, 0% used [0x00000000d5900000,0x00000000d5900000,0x00000000d5980000)
 ParOldGen       total 379904K, used 93210K [0x0000000080000000, 0x0000000097300000, 0x00000000d5580000)
  object space 379904K, 24% used [0x0000000080000000,0x0000000085b06b48,0x0000000097300000)
 Metaspace       used 78676K, committed 80640K, reserved 1179648K
  class space    used 8200K, committed 9024K, reserved 1048576K
GC Heap History (20 events):
Event: 21.115 GC heap before
{Heap before GC invocations=466 (full 3):
 PSYoungGen      total 3584K, used 3504K [0x00000000d5580000, 0x00000000d5a80000, 0x0000000100000000)
  eden space 3072K, 100% used [0x00000000d5580000,0x00000000d5880000,0x00000000d5880000)
  from space 512K, 84% used [0x00000000d5a00000,0x00000000d5a6c010,0x00000000d5a80000)
  to   space 1024K, 0% used [0x00000000d5880000,0x00000000d5880000,0x00000000d5980000)
 ParOldGen       total 376320K, used 375997K [0x0000000080000000, 0x0000000096f80000, 0x00000000d5580000)
  object space 376320K, 99% used [0x0000000080000000,0x0000000096f2f7b0,0x0000000096f80000)
 Metaspace       used 78786K, committed 80512K, reserved 1179648K
  class space    used 8255K, committed 9024K, reserved 1048576K
}
Event: 21.117 GC heap after
{Heap after GC invocations=466 (full 3):
 PSYoungGen      total 4096K, used 528K [0x00000000d5580000, 0x00000000d5a80000, 0x0000000100000000)
  eden space 3072K, 0% used [0x00000000d5580000,0x00000000d5580000,0x00000000d5880000)
  from space 1024K, 51% used [0x00000000d5880000,0x00000000d59040d0,0x00000000d5980000)
  to   space 1024K, 0% used [0x00000000d5980000,0x00000000d5980000,0x00000000d5a80000)
 ParOldGen       total 376832K, used 376341K [0x0000000080000000, 0x0000000097000000, 0x00000000d5580000)
  object space 376832K, 99% used [0x0000000080000000,0x0000000096f857c0,0x0000000097000000)
 Metaspace       used 78786K, committed 80512K, reserved 1179648K
  class space    used 8255K, committed 9024K, reserved 1048576K
}
Event: 21.140 GC heap before
{Heap before GC invocations=467 (full 3):
 PSYoungGen      total 4096K, used 3600K [0x00000000d5580000, 0x00000000d5a80000, 0x0000000100000000)
  eden space 3072K, 100% used [0x00000000d5580000,0x00000000d5880000,0x00000000d5880000)
  from space 1024K, 51% used [0x00000000d5880000,0x00000000d59040d0,0x00000000d5980000)
  to   space 1024K, 0% used [0x00000000d5980000,0x00000000d5980000,0x00000000d5a80000)
 ParOldGen       total 376832K, used 376341K [0x0000000080000000, 0x0000000097000000, 0x00000000d5580000)
  object space 376832K, 99% used [0x0000000080000000,0x0000000096f857c0,0x0000000097000000)
 Metaspace       used 78801K, committed 80512K, reserved 1179648K
  class space    used 8256K, committed 9024K, reserved 1048576K
}
Event: 21.141 GC heap after
{Heap after GC invocations=467 (full 3):
 PSYoungGen      total 4096K, used 576K [0x00000000d5580000, 0x00000000d5a80000, 0x0000000100000000)
  eden space 3072K, 0% used [0x00000000d5580000,0x00000000d5580000,0x00000000d5880000)
  from space 1024K, 56% used [0x00000000d5980000,0x00000000d5a10000,0x00000000d5a80000)
  to   space 1024K, 0% used [0x00000000d5880000,0x00000000d5880000,0x00000000d5980000)
 ParOldGen       total 376832K, used 376654K [0x0000000080000000, 0x0000000097000000, 0x00000000d5580000)
  object space 376832K, 99% used [0x0000000080000000,0x0000000096fd3890,0x0000000097000000)
 Metaspace       used 78801K, committed 80512K, reserved 1179648K
  class space    used 8256K, committed 9024K, reserved 1048576K
}
Event: 21.175 GC heap before
{Heap before GC invocations=468 (full 3):
 PSYoungGen      total 4096K, used 3648K [0x00000000d5580000, 0x00000000d5a80000, 0x0000000100000000)
  eden space 3072K, 100% used [0x00000000d5580000,0x00000000d5880000,0x00000000d5880000)
  from space 1024K, 56% used [0x00000000d5980000,0x00000000d5a10000,0x00000000d5a80000)
  to   space 1024K, 0% used [0x00000000d5880000,0x00000000d5880000,0x00000000d5980000)
 ParOldGen       total 376832K, used 376654K [0x0000000080000000, 0x0000000097000000, 0x00000000d5580000)
  object space 376832K, 99% used [0x0000000080000000,0x0000000096fd3890,0x0000000097000000)
 Metaspace       used 78821K, committed 80576K, reserved 1179648K
  class space    used 8256K, committed 9024K, reserved 1048576K
}
Event: 21.178 GC heap after
{Heap after GC invocations=468 (full 3):
 PSYoungGen      total 4096K, used 1018K [0x00000000d5580000, 0x00000000d5b80000, 0x0000000100000000)
  eden space 3072K, 0% used [0x00000000d5580000,0x00000000d5580000,0x00000000d5880000)
  from space 1024K, 99% used [0x00000000d5880000,0x00000000d597e9f0,0x00000000d5980000)
  to   space 1536K, 0% used [0x00000000d5a00000,0x00000000d5a00000,0x00000000d5b80000)
 ParOldGen       total 377344K, used 377010K [0x0000000080000000, 0x0000000097080000, 0x00000000d5580000)
  object space 377344K, 99% used [0x0000000080000000,0x000000009702c8b0,0x0000000097080000)
 Metaspace       used 78821K, committed 80576K, reserved 1179648K
  class space    used 8256K, committed 9024K, reserved 1048576K
}
Event: 21.191 GC heap before
{Heap before GC invocations=469 (full 3):
 PSYoungGen      total 4096K, used 4090K [0x00000000d5580000, 0x00000000d5b80000, 0x0000000100000000)
  eden space 3072K, 100% used [0x00000000d5580000,0x00000000d5880000,0x00000000d5880000)
  from space 1024K, 99% used [0x00000000d5880000,0x00000000d597e9f0,0x00000000d5980000)
  to   space 1536K, 0% used [0x00000000d5a00000,0x00000000d5a00000,0x00000000d5b80000)
 ParOldGen       total 377344K, used 377010K [0x0000000080000000, 0x0000000097080000, 0x00000000d5580000)
  object space 377344K, 99% used [0x0000000080000000,0x000000009702c8b0,0x0000000097080000)
 Metaspace       used 78822K, committed 80640K, reserved 1179648K
  class space    used 8256K, committed 9024K, reserved 1048576K
}
Event: 21.193 GC heap after
{Heap after GC invocations=469 (full 3):
 PSYoungGen      total 3584K, used 377K [0x00000000d5580000, 0x00000000d5a80000, 0x0000000100000000)
  eden space 3072K, 0% used [0x00000000d5580000,0x00000000d5580000,0x00000000d5880000)
  from space 512K, 73% used [0x00000000d5a00000,0x00000000d5a5e410,0x00000000d5a80000)
  to   space 1024K, 0% used [0x00000000d5880000,0x00000000d5880000,0x00000000d5980000)
 ParOldGen       total 377856K, used 377779K [0x0000000080000000, 0x0000000097100000, 0x00000000d5580000)
  object space 377856K, 99% used [0x0000000080000000,0x00000000970ecd60,0x0000000097100000)
 Metaspace       used 78822K, committed 80640K, reserved 1179648K
  class space    used 8256K, committed 9024K, reserved 1048576K
}
Event: 21.208 GC heap before
{Heap before GC invocations=470 (full 3):
 PSYoungGen      total 3584K, used 3449K [0x00000000d5580000, 0x00000000d5a80000, 0x0000000100000000)
  eden space 3072K, 100% used [0x00000000d5580000,0x00000000d5880000,0x00000000d5880000)
  from space 512K, 73% used [0x00000000d5a00000,0x00000000d5a5e410,0x00000000d5a80000)
  to   space 1024K, 0% used [0x00000000d5880000,0x00000000d5880000,0x00000000d5980000)
 ParOldGen       total 377856K, used 377779K [0x0000000080000000, 0x0000000097100000, 0x00000000d5580000)
  object space 377856K, 99% used [0x0000000080000000,0x00000000970ecd60,0x0000000097100000)
 Metaspace       used 78828K, committed 80640K, reserved 1179648K
  class space    used 8256K, committed 9024K, reserved 1048576K
}
Event: 21.211 GC heap after
{Heap after GC invocations=470 (full 3):
 PSYoungGen      total 4096K, used 624K [0x00000000d5580000, 0x00000000d5a80000, 0x0000000100000000)
  eden space 3072K, 0% used [0x00000000d5580000,0x00000000d5580000,0x00000000d5880000)
  from space 1024K, 60% used [0x00000000d5880000,0x00000000d591c0d0,0x00000000d5980000)
  to   space 1024K, 0% used [0x00000000d5980000,0x00000000d5980000,0x00000000d5a80000)
 ParOldGen       total 378368K, used 378060K [0x0000000080000000, 0x0000000097180000, 0x00000000d5580000)
  object space 378368K, 99% used [0x0000000080000000,0x0000000097133170,0x0000000097180000)
 Metaspace       used 78828K, committed 80640K, reserved 1179648K
  class space    used 8256K, committed 9024K, reserved 1048576K
}
Event: 21.222 GC heap before
{Heap before GC invocations=471 (full 3):
 PSYoungGen      total 4096K, used 3696K [0x00000000d5580000, 0x00000000d5a80000, 0x0000000100000000)
  eden space 3072K, 100% used [0x00000000d5580000,0x00000000d5880000,0x00000000d5880000)
  from space 1024K, 60% used [0x00000000d5880000,0x00000000d591c0d0,0x00000000d5980000)
  to   space 1024K, 0% used [0x00000000d5980000,0x00000000d5980000,0x00000000d5a80000)
 ParOldGen       total 378368K, used 378060K [0x0000000080000000, 0x0000000097180000, 0x00000000d5580000)
  object space 378368K, 99% used [0x0000000080000000,0x0000000097133170,0x0000000097180000)
 Metaspace       used 78829K, committed 80640K, reserved 1179648K
  class space    used 8256K, committed 9024K, reserved 1048576K
}
Event: 21.224 GC heap after
{Heap after GC invocations=471 (full 3):
 PSYoungGen      total 4096K, used 448K [0x00000000d5580000, 0x00000000d5a80000, 0x0000000100000000)
  eden space 3072K, 0% used [0x00000000d5580000,0x00000000d5580000,0x00000000d5880000)
  from space 1024K, 43% used [0x00000000d5980000,0x00000000d59f0000,0x00000000d5a80000)
  to   space 1024K, 0% used [0x00000000d5880000,0x00000000d5880000,0x00000000d5980000)
 ParOldGen       total 378880K, used 378540K [0x0000000080000000, 0x0000000097200000, 0x00000000d5580000)
  object space 378880K, 99% used [0x0000000080000000,0x00000000971ab240,0x0000000097200000)
 Metaspace       used 78829K, committed 80640K, reserved 1179648K
  class space    used 8256K, committed 9024K, reserved 1048576K
}
Event: 21.267 GC heap before
{Heap before GC invocations=472 (full 3):
 PSYoungGen      total 4096K, used 3520K [0x00000000d5580000, 0x00000000d5a80000, 0x0000000100000000)
  eden space 3072K, 100% used [0x00000000d5580000,0x00000000d5880000,0x00000000d5880000)
  from space 1024K, 43% used [0x00000000d5980000,0x00000000d59f0000,0x00000000d5a80000)
  to   space 1024K, 0% used [0x00000000d5880000,0x00000000d5880000,0x00000000d5980000)
 ParOldGen       total 378880K, used 378540K [0x0000000080000000, 0x0000000097200000, 0x00000000d5580000)
  object space 378880K, 99% used [0x0000000080000000,0x00000000971ab240,0x0000000097200000)
 Metaspace       used 78867K, committed 80640K, reserved 1179648K
  class space    used 8256K, committed 9024K, reserved 1048576K
}
Event: 21.269 GC heap after
{Heap after GC invocations=472 (full 3):
 PSYoungGen      total 4096K, used 928K [0x00000000d5580000, 0x00000000d5a80000, 0x0000000100000000)
  eden space 3072K, 0% used [0x00000000d5580000,0x00000000d5580000,0x00000000d5880000)
  from space 1024K, 90% used [0x00000000d5880000,0x00000000d5968000,0x00000000d5980000)
  to   space 1024K, 0% used [0x00000000d5980000,0x00000000d5980000,0x00000000d5a80000)
 ParOldGen       total 378880K, used 378836K [0x0000000080000000, 0x0000000097200000, 0x00000000d5580000)
  object space 378880K, 99% used [0x0000000080000000,0x00000000971f5260,0x0000000097200000)
 Metaspace       used 78867K, committed 80640K, reserved 1179648K
  class space    used 8256K, committed 9024K, reserved 1048576K
}
Event: 21.526 GC heap before
{Heap before GC invocations=473 (full 3):
 PSYoungGen      total 4096K, used 3999K [0x00000000d5580000, 0x00000000d5a80000, 0x0000000100000000)
  eden space 3072K, 99% used [0x00000000d5580000,0x00000000d587ffd8,0x00000000d5880000)
  from space 1024K, 90% used [0x00000000d5880000,0x00000000d5968000,0x00000000d5980000)
  to   space 1024K, 0% used [0x00000000d5980000,0x00000000d5980000,0x00000000d5a80000)
 ParOldGen       total 378880K, used 378836K [0x0000000080000000, 0x0000000097200000, 0x00000000d5580000)
  object space 378880K, 99% used [0x0000000080000000,0x00000000971f5260,0x0000000097200000)
 Metaspace       used 78868K, committed 80640K, reserved 1179648K
  class space    used 8256K, committed 9024K, reserved 1048576K
}
Event: 21.528 GC heap after
{Heap after GC invocations=473 (full 3):
 PSYoungGen      total 4096K, used 320K [0x00000000d5580000, 0x00000000d5a80000, 0x0000000100000000)
  eden space 3072K, 0% used [0x00000000d5580000,0x00000000d5580000,0x00000000d5880000)
  from space 1024K, 31% used [0x00000000d5980000,0x00000000d59d0000,0x00000000d5a80000)
  to   space 1024K, 0% used [0x00000000d5880000,0x00000000d5880000,0x00000000d5980000)
 ParOldGen       total 379904K, used 379557K [0x0000000080000000, 0x0000000097300000, 0x00000000d5580000)
  object space 379904K, 99% used [0x0000000080000000,0x00000000972a9420,0x0000000097300000)
 Metaspace       used 78868K, committed 80640K, reserved 1179648K
  class space    used 8256K, committed 9024K, reserved 1048576K
}
Event: 21.586 GC heap before
{Heap before GC invocations=474 (full 3):
 PSYoungGen      total 4096K, used 821K [0x00000000d5580000, 0x00000000d5a80000, 0x0000000100000000)
  eden space 3072K, 16% used [0x00000000d5580000,0x00000000d55fd658,0x00000000d5880000)
  from space 1024K, 31% used [0x00000000d5980000,0x00000000d59d0000,0x00000000d5a80000)
  to   space 1024K, 0% used [0x00000000d5880000,0x00000000d5880000,0x00000000d5980000)
 ParOldGen       total 379904K, used 379557K [0x0000000080000000, 0x0000000097300000, 0x00000000d5580000)
  object space 379904K, 99% used [0x0000000080000000,0x00000000972a9420,0x0000000097300000)
 Metaspace       used 78868K, committed 80640K, reserved 1179648K
  class space    used 8256K, committed 9024K, reserved 1048576K
}
Event: 21.588 GC heap after
{Heap after GC invocations=474 (full 3):
 PSYoungGen      total 4096K, used 288K [0x00000000d5580000, 0x00000000d5a00000, 0x0000000100000000)
  eden space 3072K, 0% used [0x00000000d5580000,0x00000000d5580000,0x00000000d5880000)
  from space 1024K, 28% used [0x00000000d5880000,0x00000000d58c8000,0x00000000d5980000)
  to   space 512K, 0% used [0x00000000d5980000,0x00000000d5980000,0x00000000d5a00000)
 ParOldGen       total 379904K, used 379653K [0x0000000080000000, 0x0000000097300000, 0x00000000d5580000)
  object space 379904K, 99% used [0x0000000080000000,0x00000000972c1420,0x0000000097300000)
 Metaspace       used 78868K, committed 80640K, reserved 1179648K
  class space    used 8256K, committed 9024K, reserved 1048576K
}
Event: 21.588 GC heap before
{Heap before GC invocations=475 (full 4):
 PSYoungGen      total 4096K, used 288K [0x00000000d5580000, 0x00000000d5a00000, 0x0000000100000000)
  eden space 3072K, 0% used [0x00000000d5580000,0x00000000d5580000,0x00000000d5880000)
  from space 1024K, 28% used [0x00000000d5880000,0x00000000d58c8000,0x00000000d5980000)
  to   space 512K, 0% used [0x00000000d5980000,0x00000000d5980000,0x00000000d5a00000)
 ParOldGen       total 379904K, used 379653K [0x0000000080000000, 0x0000000097300000, 0x00000000d5580000)
  object space 379904K, 99% used [0x0000000080000000,0x00000000972c1420,0x0000000097300000)
 Metaspace       used 78868K, committed 80640K, reserved 1179648K
  class space    used 8256K, committed 9024K, reserved 1048576K
}
Event: 21.741 GC heap after
{Heap after GC invocations=475 (full 4):
 PSYoungGen      total 4096K, used 0K [0x00000000d5580000, 0x00000000d5a00000, 0x0000000100000000)
  eden space 3072K, 0% used [0x00000000d5580000,0x00000000d5580000,0x00000000d5880000)
  from space 1024K, 0% used [0x00000000d5880000,0x00000000d5880000,0x00000000d5980000)
  to   space 512K, 0% used [0x00000000d5980000,0x00000000d5980000,0x00000000d5a00000)
 ParOldGen       total 379904K, used 93210K [0x0000000080000000, 0x0000000097300000, 0x00000000d5580000)
  object space 379904K, 24% used [0x0000000080000000,0x0000000085b06b48,0x0000000097300000)
 Metaspace       used 78675K, committed 80640K, reserved 1179648K
  class space    used 8200K, committed 9024K, reserved 1048576K
}

